<?xml version="1.0" encoding="UTF-8"?>
<testsuite xmlns:xsi="http://www.w3.org/2001/XMLSchema-instance" xsi:noNamespaceSchemaLocation="https://maven.apache.org/surefire/maven-surefire-plugin/xsd/surefire-test-report-3.0.xsd" version="3.0" name="com.metrics.modules.TraditionalMetricsCalculatorTest" time="0.739" tests="2" errors="0" skipped="0" failures="0">
  <properties>
[...]
</properties>
  <testcase name="sampleInput_javaDemo_metricsAreStable" classname="com.metrics.modules.TraditionalMetricsCalculatorTest" time="0.442">
    <system-out><![CDATA[1. 开始解析源代码: C:\Users\Administrator\Downloads\software_metrics_tool-cyx (3)\software_metrics_tool-cyx\software_metrics_tool\sample_input\java_demo
2. 开始执行各项度量计算...
3. 分析完成
]]></system-out>
  </testcase>
  <testcase name="tempProject_detectsCommentsNestingAndHighComplexity(Path)" classname="com.metrics.modules.TraditionalMetricsCalculatorTest" time="0.27">
    <system-out><![CDATA[1. 开始解析源代码: C:\Users\ADMINI~1\AppData\Local\Temp\junit6503189429560610858
2. 开始执行各项度量计算...
3. 分析完成
]]></system-out>
  </testcase>
</testsuite>